{
  "stats": {
    "suites": 1,
    "tests": 1,
    "passes": 1,
    "pending": 0,
    "failures": 0,
    "start": "2025-06-24T17:09:21.070Z",
    "end": "2025-06-24T17:09:24.593Z",
    "duration": 3523,
    "testsRegistered": 1,
    "passPercent": 100,
    "pendingPercent": 0,
    "other": 0,
    "hasOther": false,
    "skipped": 0,
    "hasSkipped": false
  },
  "results": [
    {
      "uuid": "1e4fecbc-70b9-4250-a9c5-9040a66ce612",
      "title": "",
      "fullFile": "cypress\\e2e\\login.cy.js",
      "file": "cypress\\e2e\\login.cy.js",
      "beforeHooks": [],
      "afterHooks": [],
      "tests": [],
      "suites": [
        {
          "uuid": "98c66716-07ca-49a0-8e0d-c277864f8f4b",
          "title": "Login Page",
          "fullFile": "",
          "file": "",
          "beforeHooks": [],
          "afterHooks": [],
          "tests": [
            {
              "title": "deve exibir o formulário de login",
              "fullTitle": "Login Page deve exibir o formulário de login",
              "timedOut": null,
              "duration": 2200,
              "state": "passed",
              "speed": "fast",
              "pass": true,
              "fail": false,
              "pending": false,
              "context": null,
              "code": "cy.get('[data-test=\"nav-sign-in\"]').click();\ncy.get('[data-test=\"email\"]').type('emaildostestes@teste.com');\ncy.get('[data-test=\"password\"]').type('Senh@segura123');\ncy.get('[data-test=\"login-submit\"]').click();",
              "err": {},
              "uuid": "f00c8db5-a6e2-41d6-879f-c14133fa58d5",
              "parentUUID": "98c66716-07ca-49a0-8e0d-c277864f8f4b",
              "isHook": false,
              "skipped": false
            }
          ],
          "suites": [],
          "passes": [
            "f00c8db5-a6e2-41d6-879f-c14133fa58d5"
          ],
          "failures": [],
          "pending": [],
          "skipped": [],
          "duration": 2200,
          "root": false,
          "rootEmpty": false,
          "_timeout": 2000
        }
      ],
      "passes": [],
      "failures": [],
      "pending": [],
      "skipped": [],
      "duration": 0,
      "root": true,
      "rootEmpty": true,
      "_timeout": 2000
    }
  ],
  "meta": {
    "mocha": {
      "version": "7.2.0"
    },
    "mochawesome": {
      "options": {
        "quiet": false,
        "reportFilename": "mochawesome",
        "saveHtml": true,
        "saveJson": true,
        "consoleReporter": "spec",
        "useInlineDiffs": false,
        "code": true
      },
      "version": "7.1.3"
    },
    "marge": {
      "options": {
        "reportDir": "cypress/results",
        "overwrite": false,
        "html": true,
        "json": true,
        "timestamp": "mmddyyyy_HHMMss"
      },
      "version": "6.2.0"
    }
  }
}