{
  "stats": {
    "suites": 1,
    "tests": 1,
    "passes": 1,
    "pending": 0,
    "failures": 0,
    "start": "2025-06-24T17:16:27.066Z",
    "end": "2025-06-24T17:16:30.615Z",
    "duration": 3549,
    "testsRegistered": 1,
    "passPercent": 100,
    "pendingPercent": 0,
    "other": 0,
    "hasOther": false,
    "skipped": 0,
    "hasSkipped": false
  },
  "results": [
    {
      "uuid": "750f7e05-45c3-4a8c-b391-87aa44153120",
      "title": "",
      "fullFile": "cypress\\e2e\\login.cy.js",
      "file": "cypress\\e2e\\login.cy.js",
      "beforeHooks": [],
      "afterHooks": [],
      "tests": [],
      "suites": [
        {
          "uuid": "9cb6885e-af17-48a8-bb24-cc9589b5c26e",
          "title": "Login Page",
          "fullFile": "",
          "file": "",
          "beforeHooks": [],
          "afterHooks": [],
          "tests": [
            {
              "title": "deve exibir o formulário de login",
              "fullTitle": "Login Page deve exibir o formulário de login",
              "timedOut": null,
              "duration": 2226,
              "state": "passed",
              "speed": "fast",
              "pass": true,
              "fail": false,
              "pending": false,
              "context": null,
              "code": "cy.login('emaildostestes@teste.com', 'Senh@segura123');\n// cy.get('[data-test=\"email\"]').type('emaildostestes@teste.com');\n// cy.get('[data-test=\"password\"]').type('Senh@segura123');    \n// cy.get('[data-test=\"login-submit\"]').click();",
              "err": {},
              "uuid": "9b402e2c-8179-43c0-a173-3ae77a9f03cc",
              "parentUUID": "9cb6885e-af17-48a8-bb24-cc9589b5c26e",
              "isHook": false,
              "skipped": false
            }
          ],
          "suites": [],
          "passes": [
            "9b402e2c-8179-43c0-a173-3ae77a9f03cc"
          ],
          "failures": [],
          "pending": [],
          "skipped": [],
          "duration": 2226,
          "root": false,
          "rootEmpty": false,
          "_timeout": 2000
        }
      ],
      "passes": [],
      "failures": [],
      "pending": [],
      "skipped": [],
      "duration": 0,
      "root": true,
      "rootEmpty": true,
      "_timeout": 2000
    }
  ],
  "meta": {
    "mocha": {
      "version": "7.2.0"
    },
    "mochawesome": {
      "options": {
        "quiet": false,
        "reportFilename": "mochawesome",
        "saveHtml": true,
        "saveJson": true,
        "consoleReporter": "spec",
        "useInlineDiffs": false,
        "code": true
      },
      "version": "7.1.3"
    },
    "marge": {
      "options": {
        "reportDir": "cypress/results",
        "overwrite": false,
        "html": true,
        "json": true,
        "timestamp": "mmddyyyy_HHMMss"
      },
      "version": "6.2.0"
    }
  }
}