{
  "stats": {
    "suites": 1,
    "tests": 1,
    "passes": 1,
    "pending": 0,
    "failures": 0,
    "start": "2025-06-24T17:17:00.919Z",
    "end": "2025-06-24T17:17:04.377Z",
    "duration": 3458,
    "testsRegistered": 1,
    "passPercent": 100,
    "pendingPercent": 0,
    "other": 0,
    "hasOther": false,
    "skipped": 0,
    "hasSkipped": false
  },
  "results": [
    {
      "uuid": "491e14ac-341c-4f3f-8f8d-34d7f9533edb",
      "title": "",
      "fullFile": "cypress\\e2e\\cadastro-incorreto.cy.js",
      "file": "cypress\\e2e\\cadastro-incorreto.cy.js",
      "beforeHooks": [],
      "afterHooks": [],
      "tests": [],
      "suites": [
        {
          "uuid": "8a0953cb-99de-4c70-ac03-4dbf7258c9e4",
          "title": "Cadastro do usuario",
          "fullFile": "",
          "file": "",
          "beforeHooks": [],
          "afterHooks": [],
          "tests": [
            {
              "title": "Deve permitir o cadastro do usuario",
              "fullTitle": "Cadastro do usuario Deve permitir o cadastro do usuario",
              "timedOut": null,
              "duration": 1698,
              "state": "passed",
              "speed": "fast",
              "pass": true,
              "fail": false,
              "pending": false,
              "context": null,
              "code": "cy.visit('https://practicesoftwaretesting.com/');\ncy.get('[data-test=\"nav-sign-in\"]').click();\ncy.get('[data-test=\"register-link\"]').click();\ncy.get('[data-test=\"register-submit\"]').click();\ncy.contains('First name is required').should('be.visible');\ncy.contains('Last name is required').should('be.visible');\ncy.contains('Date of Birth is required').should('be.visible');\ncy.contains('Street is required').should('be.visible');\ncy.contains('Postcode is required').should('be.visible');\ncy.contains('City is required').should('be.visible');\ncy.contains('State is required').should('be.visible');\ncy.contains('Country is required').should('be.visible');\ncy.contains('Phone is required').should('be.visible');\ncy.contains('Email is required').should('be.visible');\ncy.contains('Password is required').should('be.visible');\ncy.contains('Password must be minimal 6 characters long.').should('be.visible');\ncy.contains('Password can not include invalid characters.').should('be.visible');",
              "err": {},
              "uuid": "7ff8e7db-b639-41eb-aa95-e08e0cfa36c0",
              "parentUUID": "8a0953cb-99de-4c70-ac03-4dbf7258c9e4",
              "isHook": false,
              "skipped": false
            }
          ],
          "suites": [],
          "passes": [
            "7ff8e7db-b639-41eb-aa95-e08e0cfa36c0"
          ],
          "failures": [],
          "pending": [],
          "skipped": [],
          "duration": 1698,
          "root": false,
          "rootEmpty": false,
          "_timeout": 2000
        }
      ],
      "passes": [],
      "failures": [],
      "pending": [],
      "skipped": [],
      "duration": 0,
      "root": true,
      "rootEmpty": true,
      "_timeout": 2000
    }
  ],
  "meta": {
    "mocha": {
      "version": "7.2.0"
    },
    "mochawesome": {
      "options": {
        "quiet": false,
        "reportFilename": "mochawesome",
        "saveHtml": true,
        "saveJson": true,
        "consoleReporter": "spec",
        "useInlineDiffs": false,
        "code": true
      },
      "version": "7.1.3"
    },
    "marge": {
      "options": {
        "reportDir": "cypress/results",
        "overwrite": false,
        "html": true,
        "json": true,
        "timestamp": "mmddyyyy_HHMMss"
      },
      "version": "6.2.0"
    }
  }
}